<?xml version="1.0" encoding="UTF-8"?>
<!-- Generated by org.testng.reporters.JUnitReportReporter -->
<testsuite hostname="DESKTOP-N60QB27" failures="0" tests="1" name="testcases.FirstPageTest" time="0.054" errors="0" timestamp="2022-12-21T06:24:27 IST" skipped="0">
  <testcase classname="testcases.FirstPageTest" name="titleTest" time="0.054"/>
  <system-out/>
</testsuite> <!-- testcases.FirstPageTest -->
